


Eigenvalues (Diagonalizing Hamiltonmatrix / Propagatormatrix)
Ground state :	-1.80137e-12 cm	2.01024e-11 cm	-8.20763e-18 a.u.	-1.77636e-15
1	14645.4 cm	14645.4 cm	0.0667294 a.u.	(-3.55271e-15)
2	14663.2 cm	14663.2 cm	0.0668103 a.u.	(-4.88498e-15)
3	14664.8 cm	14664.8 cm	0.0668176 a.u.	(-3.10862e-15)
4	14667.2 cm	14667.2 cm	0.0668286 a.u.	(-1.9984e-15)
5	14667.2 cm	14667.2 cm	0.0668286 a.u.	(-2.66454e-15)
6	24128.9 cm	24128.9 cm	0.109939 a.u.	(8.94773e-12)
7	24138.6 cm	24138.5 cm	0.109983 a.u.	(1.04609e-11)
8	24141 cm	24141 cm	0.109994 a.u.	(1.22026e-11)
9	24141.8 cm	24141.8 cm	0.109998 a.u.	(9.55647e-12)
10	24143.4 cm	24143.4 cm	0.110005 a.u.	(9.73577e-12)
11	25102.4 cm	25102.4 cm	0.114375 a.u.	(1.52953e-07)
12	25121.8 cm	25121.7 cm	0.114463 a.u.	(9.48946e-08)
13	25123.4 cm	25123.4 cm	0.114471 a.u.	(1.23769e-07)
14	25123.4 cm	25123.4 cm	0.114471 a.u.	(1.66384e-07)
15	25124.2 cm	25124.2 cm	0.114474 a.u.	(9.83783e-08)
16	28771.4 cm	28771.5 cm	0.131092 a.u.	(1.35104e-05)
17	29016.2 cm	29016.3 cm	0.132208 a.u.	(5.36295e-06)
18	29142 cm	29142.1 cm	0.132781 a.u.	(6.50499e-06)
19	29177.1 cm	29177.1 cm	0.13294 a.u.	(2.63797e-06)
Time: 0 a.u. /0 fs
Energies:
0:	-1.93985e-12 1/cm	-8.83862e-18 a.u.
1:	14645.4 1/cm	0.0667294 a.u.
2:	14663.2 1/cm	0.0668103 a.u.
3:	14664.8 1/cm	0.0668176 a.u.
4:	14667.2 1/cm	0.0668286 a.u.
5:	14667.2 1/cm	0.0668286 a.u.
6:	24128.9 1/cm	0.109939 a.u.
7:	24138.6 1/cm	0.109983 a.u.
8:	24141 1/cm	0.109994 a.u.
9:	24141.8 1/cm	0.109998 a.u.
10:	24143.4 1/cm	0.110005 a.u.
11:	25102.4 1/cm	0.114375 a.u.
12:	25121.8 1/cm	0.114463 a.u.
13:	25123.4 1/cm	0.114471 a.u.
14:	25123.4 1/cm	0.114471 a.u.
15:	25124.2 1/cm	0.114474 a.u.
16:	28771.4 1/cm	0.131092 a.u.
17:	29016.2 1/cm	0.132208 a.u.
18:	29142 1/cm	0.132781 a.u.
19:	29177.1 1/cm	0.13294 a.u.
<Psi_0(0)|Psi_0(t)>=(1,0)
{ 0, 0 }
-2.57311e-17 7.00909e-18 0.0332688 0.05 0.05 0.05 0.05 0.119273 0.147458 0.5
{ 0, 0, 0 }
0.05 0.05 0.180641 0.719359
{ 0, 0, 1 }
0.05 0.05 0.152628 0.747372
{ 0, 1 }
0.05 0.05 0.05 0.05 0.05 0.05 0.0696486 0.0981122 0.14897 0.383269
{ 0, 1, 0 }
-7.29515e-17 -3.7991e-17 4.65702e-18 0.05 0.05 0.05 0.05 0.0696486 0.148939 0.581413
{ 0, 1, 0, 0 }
0.05 0.05 0.0698918 0.830108
{ 0, 1, 0, 1 }
0.05 0.05 0.148696 0.751304
{ 0, 1, 1 }
0.05 0.05 0.0981439 0.801856
mode=0
<x>=-3.30935    <dx>=0.649381
<p>=0    <dp>=1.69539
mode=1
<x>=-3.33415    <dx>=0.645711
<p>=0    <dp>=1.67949
mode=2
<x>=-3.40738    <dx>=0.629063
<p>=0    <dp>=1.63204
mode=3
<x>=-3.33763    <dx>=0.645117
<p>=0    <dp>=1.67732
mode=4
<x>=-3.38237    <dx>=0.635746
<p>=0    <dp>=1.64833
Leaf: 0
0.719359	0.180641	0.050000	0.049999	0.000001	0.000000	0.000000	0.000000
0.000000	0.000000	0.000000
Leaf: 1
0.747372	0.152628	0.050000	0.049999	0.000001	0.000000	0.000000	0.000000
0.000000	0.000000	0.000000
Leaf: 2
0.830108	0.069892	0.050000	0.049999	0.000001	0.000000	0.000000	0.000000
0.000000	0.000000	0.000000
Leaf: 3
0.751304	0.148696	0.050000	0.049999	0.000001	0.000000	0.000000	0.000000
0.000000	0.000000	0.000000
Leaf: 4
0.801856	0.098144	0.050000	0.049999	0.000001	0.000000	0.000000	0.000000
0.000000	0.000000	0.000000